

Started GET "/" for 127.0.0.1 at 2015-09-28 09:36:01 +0100

ActiveRecord::PendingMigrationError (

Migrations are pending. To resolve this issue, run:

	bin/rake db:migrate RAILS_ENV=development

):
  activerecord (4.1.6) lib/active_record/migration.rb:389:in `check_pending!'
  activerecord (4.1.6) lib/active_record/migration.rb:377:in `call'
  actionpack (4.1.6) lib/action_dispatch/middleware/callbacks.rb:29:in `block in call'
  activesupport (4.1.6) lib/active_support/callbacks.rb:82:in `run_callbacks'
  actionpack (4.1.6) lib/action_dispatch/middleware/callbacks.rb:27:in `call'
  actionpack (4.1.6) lib/action_dispatch/middleware/reloader.rb:73:in `call'
  actionpack (4.1.6) lib/action_dispatch/middleware/remote_ip.rb:76:in `call'
  actionpack (4.1.6) lib/action_dispatch/middleware/debug_exceptions.rb:17:in `call'
  actionpack (4.1.6) lib/action_dispatch/middleware/show_exceptions.rb:30:in `call'
  railties (4.1.6) lib/rails/rack/logger.rb:38:in `call_app'
  railties (4.1.6) lib/rails/rack/logger.rb:20:in `block in call'
  activesupport (4.1.6) lib/active_support/tagged_logging.rb:68:in `block in tagged'
  activesupport (4.1.6) lib/active_support/tagged_logging.rb:26:in `tagged'
  activesupport (4.1.6) lib/active_support/tagged_logging.rb:68:in `tagged'
  railties (4.1.6) lib/rails/rack/logger.rb:20:in `call'
  actionpack (4.1.6) lib/action_dispatch/middleware/request_id.rb:21:in `call'
  rack (1.5.2) lib/rack/methodoverride.rb:21:in `call'
  rack (1.5.2) lib/rack/runtime.rb:17:in `call'
  activesupport (4.1.6) lib/active_support/cache/strategy/local_cache_middleware.rb:26:in `call'
  rack (1.5.2) lib/rack/lock.rb:17:in `call'
  actionpack (4.1.6) lib/action_dispatch/middleware/static.rb:64:in `call'
  rack (1.5.2) lib/rack/sendfile.rb:112:in `call'
  railties (4.1.6) lib/rails/engine.rb:514:in `call'
  railties (4.1.6) lib/rails/application.rb:144:in `call'
  rack (1.5.2) lib/rack/lock.rb:17:in `call'
  rack (1.5.2) lib/rack/content_length.rb:14:in `call'
  rack (1.5.2) lib/rack/handler/webrick.rb:60:in `service'
  /home/tuan/.rbenv/versions/2.0.0-p451/lib/ruby/2.0.0/webrick/httpserver.rb:138:in `service'
  /home/tuan/.rbenv/versions/2.0.0-p451/lib/ruby/2.0.0/webrick/httpserver.rb:94:in `run'
  /home/tuan/.rbenv/versions/2.0.0-p451/lib/ruby/2.0.0/webrick/server.rb:295:in `block in start_thread'


  Rendered /home/tuan/.rbenv/versions/2.0.0-p451/lib/ruby/gems/2.0.0/gems/actionpack-4.1.6/lib/action_dispatch/middleware/templates/rescues/_source.erb (0.5ms)
  Rendered /home/tuan/.rbenv/versions/2.0.0-p451/lib/ruby/gems/2.0.0/gems/actionpack-4.1.6/lib/action_dispatch/middleware/templates/rescues/_trace.html.erb (1.0ms)
  Rendered /home/tuan/.rbenv/versions/2.0.0-p451/lib/ruby/gems/2.0.0/gems/actionpack-4.1.6/lib/action_dispatch/middleware/templates/rescues/_request_and_response.html.erb (0.9ms)
  Rendered /home/tuan/.rbenv/versions/2.0.0-p451/lib/ruby/gems/2.0.0/gems/actionpack-4.1.6/lib/action_dispatch/middleware/templates/rescues/diagnostics.erb within rescues/layout (13.5ms)


Started GET "/users" for 127.0.0.1 at 2015-09-28 09:36:16 +0100

ActiveRecord::PendingMigrationError (

Migrations are pending. To resolve this issue, run:

	bin/rake db:migrate RAILS_ENV=development

):
  activerecord (4.1.6) lib/active_record/migration.rb:389:in `check_pending!'
  activerecord (4.1.6) lib/active_record/migration.rb:377:in `call'
  actionpack (4.1.6) lib/action_dispatch/middleware/callbacks.rb:29:in `block in call'
  activesupport (4.1.6) lib/active_support/callbacks.rb:82:in `run_callbacks'
  actionpack (4.1.6) lib/action_dispatch/middleware/callbacks.rb:27:in `call'
  actionpack (4.1.6) lib/action_dispatch/middleware/reloader.rb:73:in `call'
  actionpack (4.1.6) lib/action_dispatch/middleware/remote_ip.rb:76:in `call'
  actionpack (4.1.6) lib/action_dispatch/middleware/debug_exceptions.rb:17:in `call'
  actionpack (4.1.6) lib/action_dispatch/middleware/show_exceptions.rb:30:in `call'
  railties (4.1.6) lib/rails/rack/logger.rb:38:in `call_app'
  railties (4.1.6) lib/rails/rack/logger.rb:20:in `block in call'
  activesupport (4.1.6) lib/active_support/tagged_logging.rb:68:in `block in tagged'
  activesupport (4.1.6) lib/active_support/tagged_logging.rb:26:in `tagged'
  activesupport (4.1.6) lib/active_support/tagged_logging.rb:68:in `tagged'
  railties (4.1.6) lib/rails/rack/logger.rb:20:in `call'
  actionpack (4.1.6) lib/action_dispatch/middleware/request_id.rb:21:in `call'
  rack (1.5.2) lib/rack/methodoverride.rb:21:in `call'
  rack (1.5.2) lib/rack/runtime.rb:17:in `call'
  activesupport (4.1.6) lib/active_support/cache/strategy/local_cache_middleware.rb:26:in `call'
  rack (1.5.2) lib/rack/lock.rb:17:in `call'
  actionpack (4.1.6) lib/action_dispatch/middleware/static.rb:64:in `call'
  rack (1.5.2) lib/rack/sendfile.rb:112:in `call'
  railties (4.1.6) lib/rails/engine.rb:514:in `call'
  railties (4.1.6) lib/rails/application.rb:144:in `call'
  rack (1.5.2) lib/rack/lock.rb:17:in `call'
  rack (1.5.2) lib/rack/content_length.rb:14:in `call'
  rack (1.5.2) lib/rack/handler/webrick.rb:60:in `service'
  /home/tuan/.rbenv/versions/2.0.0-p451/lib/ruby/2.0.0/webrick/httpserver.rb:138:in `service'
  /home/tuan/.rbenv/versions/2.0.0-p451/lib/ruby/2.0.0/webrick/httpserver.rb:94:in `run'
  /home/tuan/.rbenv/versions/2.0.0-p451/lib/ruby/2.0.0/webrick/server.rb:295:in `block in start_thread'


  Rendered /home/tuan/.rbenv/versions/2.0.0-p451/lib/ruby/gems/2.0.0/gems/actionpack-4.1.6/lib/action_dispatch/middleware/templates/rescues/_source.erb (0.9ms)
  Rendered /home/tuan/.rbenv/versions/2.0.0-p451/lib/ruby/gems/2.0.0/gems/actionpack-4.1.6/lib/action_dispatch/middleware/templates/rescues/_trace.html.erb (2.0ms)
  Rendered /home/tuan/.rbenv/versions/2.0.0-p451/lib/ruby/gems/2.0.0/gems/actionpack-4.1.6/lib/action_dispatch/middleware/templates/rescues/_request_and_response.html.erb (1.3ms)
  Rendered /home/tuan/.rbenv/versions/2.0.0-p451/lib/ruby/gems/2.0.0/gems/actionpack-4.1.6/lib/action_dispatch/middleware/templates/rescues/diagnostics.erb within rescues/layout (19.4ms)


Started GET "/" for 127.0.0.1 at 2015-09-28 17:50:42 +0100

ActiveRecord::PendingMigrationError (

Migrations are pending. To resolve this issue, run:

	bin/rake db:migrate RAILS_ENV=development

):
  activerecord (4.2.4) lib/active_record/migration.rb:392:in `check_pending!'
  activerecord (4.2.4) lib/active_record/migration.rb:373:in `call'
  actionpack (4.2.4) lib/action_dispatch/middleware/callbacks.rb:29:in `block in call'
  activesupport (4.2.4) lib/active_support/callbacks.rb:88:in `__run_callbacks__'
  activesupport (4.2.4) lib/active_support/callbacks.rb:778:in `_run_call_callbacks'
  activesupport (4.2.4) lib/active_support/callbacks.rb:81:in `run_callbacks'
  actionpack (4.2.4) lib/action_dispatch/middleware/callbacks.rb:27:in `call'
  actionpack (4.2.4) lib/action_dispatch/middleware/reloader.rb:73:in `call'
  actionpack (4.2.4) lib/action_dispatch/middleware/remote_ip.rb:78:in `call'
  actionpack (4.2.4) lib/action_dispatch/middleware/debug_exceptions.rb:17:in `call'
  web-console (2.2.1) lib/web_console/middleware.rb:39:in `call'
  actionpack (4.2.4) lib/action_dispatch/middleware/show_exceptions.rb:30:in `call'
  railties (4.2.4) lib/rails/rack/logger.rb:38:in `call_app'
  railties (4.2.4) lib/rails/rack/logger.rb:20:in `block in call'
  activesupport (4.2.4) lib/active_support/tagged_logging.rb:68:in `block in tagged'
  activesupport (4.2.4) lib/active_support/tagged_logging.rb:26:in `tagged'
  activesupport (4.2.4) lib/active_support/tagged_logging.rb:68:in `tagged'
  railties (4.2.4) lib/rails/rack/logger.rb:20:in `call'
  actionpack (4.2.4) lib/action_dispatch/middleware/request_id.rb:21:in `call'
  rack (1.6.4) lib/rack/methodoverride.rb:22:in `call'
  rack (1.6.4) lib/rack/runtime.rb:18:in `call'
  activesupport (4.2.4) lib/active_support/cache/strategy/local_cache_middleware.rb:28:in `call'
  rack (1.6.4) lib/rack/lock.rb:17:in `call'
  actionpack (4.2.4) lib/action_dispatch/middleware/static.rb:116:in `call'
  rack (1.6.4) lib/rack/sendfile.rb:113:in `call'
  railties (4.2.4) lib/rails/engine.rb:518:in `call'
  railties (4.2.4) lib/rails/application.rb:165:in `call'
  rack (1.6.4) lib/rack/lock.rb:17:in `call'
  rack (1.6.4) lib/rack/content_length.rb:15:in `call'
  rack (1.6.4) lib/rack/handler/webrick.rb:88:in `service'
  /home/tuan/.rbenv/versions/2.0.0-p451/lib/ruby/2.0.0/webrick/httpserver.rb:138:in `service'
  /home/tuan/.rbenv/versions/2.0.0-p451/lib/ruby/2.0.0/webrick/httpserver.rb:94:in `run'
  /home/tuan/.rbenv/versions/2.0.0-p451/lib/ruby/2.0.0/webrick/server.rb:295:in `block in start_thread'


  Rendered /home/tuan/.rbenv/versions/2.0.0-p451/lib/ruby/gems/2.0.0/gems/actionpack-4.2.4/lib/action_dispatch/middleware/templates/rescues/_source.erb (3.0ms)
  Rendered /home/tuan/.rbenv/versions/2.0.0-p451/lib/ruby/gems/2.0.0/gems/actionpack-4.2.4/lib/action_dispatch/middleware/templates/rescues/_trace.html.erb (4.1ms)
  Rendered /home/tuan/.rbenv/versions/2.0.0-p451/lib/ruby/gems/2.0.0/gems/actionpack-4.2.4/lib/action_dispatch/middleware/templates/rescues/_request_and_response.html.erb (0.9ms)
  Rendered /home/tuan/.rbenv/versions/2.0.0-p451/lib/ruby/gems/2.0.0/gems/actionpack-4.2.4/lib/action_dispatch/middleware/templates/rescues/diagnostics.html.erb within rescues/layout (29.1ms)
  Rendered /home/tuan/.rbenv/versions/2.0.0-p451/lib/ruby/gems/2.0.0/gems/web-console-2.2.1/lib/web_console/templates/_markup.html.erb (0.4ms)
  Rendered /home/tuan/.rbenv/versions/2.0.0-p451/lib/ruby/gems/2.0.0/gems/web-console-2.2.1/lib/web_console/templates/_inner_console_markup.html.erb within layouts/inlined_string (0.4ms)
  Rendered /home/tuan/.rbenv/versions/2.0.0-p451/lib/ruby/gems/2.0.0/gems/web-console-2.2.1/lib/web_console/templates/_prompt_box_markup.html.erb within layouts/inlined_string (0.4ms)
  Rendered /home/tuan/.rbenv/versions/2.0.0-p451/lib/ruby/gems/2.0.0/gems/web-console-2.2.1/lib/web_console/templates/style.css.erb within layouts/inlined_string (0.4ms)
  Rendered /home/tuan/.rbenv/versions/2.0.0-p451/lib/ruby/gems/2.0.0/gems/web-console-2.2.1/lib/web_console/templates/console.js.erb within layouts/javascript (18.2ms)
  Rendered /home/tuan/.rbenv/versions/2.0.0-p451/lib/ruby/gems/2.0.0/gems/web-console-2.2.1/lib/web_console/templates/main.js.erb within layouts/javascript (0.4ms)
  Rendered /home/tuan/.rbenv/versions/2.0.0-p451/lib/ruby/gems/2.0.0/gems/web-console-2.2.1/lib/web_console/templates/error_page.js.erb within layouts/javascript (0.5ms)
  Rendered /home/tuan/.rbenv/versions/2.0.0-p451/lib/ruby/gems/2.0.0/gems/web-console-2.2.1/lib/web_console/templates/index.html.erb (50.7ms)
  [1m[36m (250.4ms)[0m  [1mCREATE TABLE "schema_migrations" ("version" varchar NOT NULL) [0m
  [1m[35m (0.3ms)[0m  select sqlite_version(*)
  [1m[36m (186.7ms)[0m  [1mCREATE UNIQUE INDEX "unique_schema_migrations" ON "schema_migrations" ("version")[0m
  [1m[35mActiveRecord::SchemaMigration Load (0.3ms)[0m  SELECT "schema_migrations".* FROM "schema_migrations"
Migrating to CreateUsers (20141029185511)
  [1m[36m (0.2ms)[0m  [1mbegin transaction[0m
DEPRECATION WARNING: `#timestamps` was called without specifying an option for `null`. In Rails 5, this behavior will change to `null: false`. You should manually specify `null: true` to prevent the behavior of your existing migrations from changing. (called from block in change at /home/tuan/tuan3/db/migrate/20141029185511_create_users.rb:7)
  [1m[35m (0.3ms)[0m  CREATE TABLE "users" ("id" INTEGER PRIMARY KEY AUTOINCREMENT NOT NULL, "name" varchar, "email" varchar, "created_at" datetime, "updated_at" datetime) 
  [1m[36mSQL (0.2ms)[0m  [1mINSERT INTO "schema_migrations" ("version") VALUES (?)[0m  [["version", "20141029185511"]]
  [1m[35m (224.8ms)[0m  commit transaction
Migrating to CreateMicroposts (20141029185536)
  [1m[36m (0.2ms)[0m  [1mbegin transaction[0m
DEPRECATION WARNING: `#timestamps` was called without specifying an option for `null`. In Rails 5, this behavior will change to `null: false`. You should manually specify `null: true` to prevent the behavior of your existing migrations from changing. (called from block in change at /home/tuan/tuan3/db/migrate/20141029185536_create_microposts.rb:7)
  [1m[35m (0.7ms)[0m  CREATE TABLE "microposts" ("id" INTEGER PRIMARY KEY AUTOINCREMENT NOT NULL, "content" text, "user_id" integer, "created_at" datetime, "updated_at" datetime) 
  [1m[36mSQL (0.2ms)[0m  [1mINSERT INTO "schema_migrations" ("version") VALUES (?)[0m  [["version", "20141029185536"]]
  [1m[35m (225.2ms)[0m  commit transaction
  [1m[36mActiveRecord::SchemaMigration Load (0.2ms)[0m  [1mSELECT "schema_migrations".* FROM "schema_migrations"[0m


Started GET "/" for 127.0.0.1 at 2015-09-28 17:54:37 +0100
  [1m[36mActiveRecord::SchemaMigration Load (0.1ms)[0m  [1mSELECT "schema_migrations".* FROM "schema_migrations"[0m
Processing by Rails::WelcomeController#index as HTML
  Rendered /home/tuan/.rbenv/versions/2.0.0-p451/lib/ruby/gems/2.0.0/gems/railties-4.2.4/lib/rails/templates/rails/welcome/index.html.erb (1.6ms)
Completed 200 OK in 114ms (Views: 6.3ms | ActiveRecord: 0.0ms)


Started GET "/rails/info/properties" for 127.0.0.1 at 2015-09-28 17:54:48 +0100
Processing by Rails::InfoController#properties as HTML
  [1m[35mActiveRecord::SchemaMigration Load (0.1ms)[0m  SELECT "schema_migrations".* FROM "schema_migrations"
  Rendered /home/tuan/.rbenv/versions/2.0.0-p451/lib/ruby/gems/2.0.0/gems/railties-4.2.4/lib/rails/templates/rails/info/properties.html.erb (0.4ms)
Completed 200 OK in 15ms (Views: 7.4ms | ActiveRecord: 0.6ms)


Started GET "/users" for 127.0.0.1 at 2015-09-28 17:57:07 +0100
  [1m[36mActiveRecord::SchemaMigration Load (0.1ms)[0m  [1mSELECT "schema_migrations".* FROM "schema_migrations"[0m
Processing by UsersController#index as HTML
  [1m[35mUser Load (0.3ms)[0m  SELECT "users".* FROM "users"
  Rendered users/index.html.erb within layouts/application (4.9ms)
Completed 200 OK in 1669ms (Views: 1645.9ms | ActiveRecord: 0.4ms)


Started GET "/assets/microposts.self.css?body=1" for 127.0.0.1 at 2015-09-28 17:57:09 +0100


Started GET "/assets/users.self.css?body=1" for 127.0.0.1 at 2015-09-28 17:57:10 +0100


Started GET "/assets/scaffolds.self.css?body=1" for 127.0.0.1 at 2015-09-28 17:57:10 +0100


Started GET "/assets/application.self.css?body=1" for 127.0.0.1 at 2015-09-28 17:57:10 +0100


Started GET "/assets/jquery.self.js?body=1" for 127.0.0.1 at 2015-09-28 17:57:10 +0100


Started GET "/assets/turbolinks.self.js?body=1" for 127.0.0.1 at 2015-09-28 17:57:10 +0100


Started GET "/assets/jquery_ujs.self.js?body=1" for 127.0.0.1 at 2015-09-28 17:57:10 +0100


Started GET "/assets/microposts.self.js?body=1" for 127.0.0.1 at 2015-09-28 17:57:10 +0100


Started GET "/assets/users.self.js?body=1" for 127.0.0.1 at 2015-09-28 17:57:10 +0100


Started GET "/assets/application.self.js?body=1" for 127.0.0.1 at 2015-09-28 17:57:10 +0100


Started GET "/users/new" for 127.0.0.1 at 2015-09-28 17:57:15 +0100
Processing by UsersController#new as HTML
  Rendered users/_form.html.erb (124.9ms)
  Rendered users/new.html.erb within layouts/application (128.0ms)
Completed 200 OK in 167ms (Views: 160.6ms | ActiveRecord: 0.3ms)


Started POST "/users" for 127.0.0.1 at 2015-09-28 17:57:37 +0100
Processing by UsersController#create as HTML
  Parameters: {"utf8"=>"✓", "authenticity_token"=>"IWnbuG+cPes/PQ50mzuCUjda0aK8t8XmyiHANZAx92i/+JrzM+5GNYfo0HOE3MefAxtX59Zh9rRDH8rHP93hZg==", "user"=>{"name"=>"tuan", "email"=>"mai@gmail.com"}, "commit"=>"Create User"}
  [1m[36m (0.1ms)[0m  [1mbegin transaction[0m
  [1m[35mSQL (0.4ms)[0m  INSERT INTO "users" ("name", "email", "created_at", "updated_at") VALUES (?, ?, ?, ?)  [["name", "tuan"], ["email", "mai@gmail.com"], ["created_at", "2015-09-28 16:57:37.597218"], ["updated_at", "2015-09-28 16:57:37.597218"]]
  [1m[36m (335.1ms)[0m  [1mcommit transaction[0m
Redirected to http://localhost:3000/users/1
Completed 302 Found in 343ms (ActiveRecord: 335.6ms)


Started GET "/users/1" for 127.0.0.1 at 2015-09-28 17:57:38 +0100
Processing by UsersController#show as HTML
  Parameters: {"id"=>"1"}
  [1m[35mUser Load (0.2ms)[0m  SELECT  "users".* FROM "users" WHERE "users"."id" = ? LIMIT 1  [["id", 1]]
  [1m[36mMicropost Load (0.1ms)[0m  [1mSELECT "microposts".* FROM "microposts" WHERE "microposts"."user_id" = ?[0m  [["user_id", 1]]
  Rendered users/show.html.erb within layouts/application (18.4ms)
Completed 200 OK in 75ms (Views: 51.5ms | ActiveRecord: 0.5ms)


Started GET "/assets/microposts.self.css?body=1" for 127.0.0.1 at 2015-09-28 17:57:38 +0100


Started GET "/assets/application.self.css?body=1" for 127.0.0.1 at 2015-09-28 17:57:38 +0100


Started GET "/assets/scaffolds.self.css?body=1" for 127.0.0.1 at 2015-09-28 17:57:38 +0100


Started GET "/assets/users.self.css?body=1" for 127.0.0.1 at 2015-09-28 17:57:38 +0100


Started GET "/assets/jquery_ujs.self.js?body=1" for 127.0.0.1 at 2015-09-28 17:57:38 +0100


Started GET "/assets/jquery.self.js?body=1" for 127.0.0.1 at 2015-09-28 17:57:38 +0100


Started GET "/assets/turbolinks.self.js?body=1" for 127.0.0.1 at 2015-09-28 17:57:38 +0100


Started GET "/assets/microposts.self.js?body=1" for 127.0.0.1 at 2015-09-28 17:57:38 +0100


Started GET "/assets/users.self.js?body=1" for 127.0.0.1 at 2015-09-28 17:57:38 +0100


Started GET "/assets/application.self.js?body=1" for 127.0.0.1 at 2015-09-28 17:57:38 +0100


Started GET "/users" for 127.0.0.1 at 2015-09-28 20:38:48 +0100
  [1m[36mActiveRecord::SchemaMigration Load (0.1ms)[0m  [1mSELECT "schema_migrations".* FROM "schema_migrations"[0m
Processing by UsersController#index as HTML
  [1m[35mUser Load (0.2ms)[0m  SELECT "users".* FROM "users"
  Rendered users/index.html.erb within layouts/application (6.8ms)
Completed 200 OK in 593ms (Views: 525.0ms | ActiveRecord: 0.4ms)


Started GET "/assets/microposts.self.css?body=1" for 127.0.0.1 at 2015-09-28 20:38:49 +0100


Started GET "/assets/scaffolds.self.css?body=1" for 127.0.0.1 at 2015-09-28 20:38:49 +0100


Started GET "/assets/users.self.css?body=1" for 127.0.0.1 at 2015-09-28 20:38:49 +0100


Started GET "/assets/jquery.self.js?body=1" for 127.0.0.1 at 2015-09-28 20:38:49 +0100


Started GET "/assets/application.self.css?body=1" for 127.0.0.1 at 2015-09-28 20:38:49 +0100


Started GET "/assets/jquery_ujs.self.js?body=1" for 127.0.0.1 at 2015-09-28 20:38:49 +0100


Started GET "/assets/microposts.self.js?body=1" for 127.0.0.1 at 2015-09-28 20:38:49 +0100


Started GET "/assets/turbolinks.self.js?body=1" for 127.0.0.1 at 2015-09-28 20:38:49 +0100


Started GET "/assets/users.self.js?body=1" for 127.0.0.1 at 2015-09-28 20:38:49 +0100


Started GET "/assets/application.self.js?body=1" for 127.0.0.1 at 2015-09-28 20:38:49 +0100


Started DELETE "/users/1" for 127.0.0.1 at 2015-09-28 20:39:01 +0100
Processing by UsersController#destroy as HTML
  Parameters: {"authenticity_token"=>"9lvJfHAbPOITGfXLD96U8uT1PpvnxHvz3zLV7cMFuAbEAJ7wBTsk5vqGYgEZLs3bFAd2SXsX8MQdXLspmz8vdg==", "id"=>"1"}
  [1m[36mUser Load (0.3ms)[0m  [1mSELECT  "users".* FROM "users" WHERE "users"."id" = ? LIMIT 1[0m  [["id", 1]]
  [1m[35m (0.1ms)[0m  begin transaction
  [1m[36mSQL (0.3ms)[0m  [1mDELETE FROM "users" WHERE "users"."id" = ?[0m  [["id", 1]]
  [1m[35m (266.0ms)[0m  commit transaction
Redirected to http://localhost:3000/users
Completed 302 Found in 328ms (ActiveRecord: 266.8ms)


Started GET "/users" for 127.0.0.1 at 2015-09-28 20:39:02 +0100
Processing by UsersController#index as HTML
  [1m[36mUser Load (0.1ms)[0m  [1mSELECT "users".* FROM "users"[0m
  Rendered users/index.html.erb within layouts/application (0.8ms)
Completed 200 OK in 35ms (Views: 33.8ms | ActiveRecord: 0.1ms)


Started GET "/assets/microposts.self.css?body=1" for 127.0.0.1 at 2015-09-28 20:39:02 +0100


Started GET "/assets/application.self.css?body=1" for 127.0.0.1 at 2015-09-28 20:39:02 +0100


Started GET "/assets/scaffolds.self.css?body=1" for 127.0.0.1 at 2015-09-28 20:39:02 +0100


Started GET "/assets/jquery_ujs.self.js?body=1" for 127.0.0.1 at 2015-09-28 20:39:02 +0100


Started GET "/assets/users.self.css?body=1" for 127.0.0.1 at 2015-09-28 20:39:02 +0100


Started GET "/assets/jquery.self.js?body=1" for 127.0.0.1 at 2015-09-28 20:39:02 +0100


Started GET "/assets/turbolinks.self.js?body=1" for 127.0.0.1 at 2015-09-28 20:39:02 +0100


Started GET "/assets/microposts.self.js?body=1" for 127.0.0.1 at 2015-09-28 20:39:02 +0100


Started GET "/assets/users.self.js?body=1" for 127.0.0.1 at 2015-09-28 20:39:02 +0100


Started GET "/assets/application.self.js?body=1" for 127.0.0.1 at 2015-09-28 20:39:02 +0100


Started GET "/users/new" for 127.0.0.1 at 2015-09-28 20:39:21 +0100
Processing by UsersController#new as HTML
  Rendered users/_form.html.erb (121.9ms)
  Rendered users/new.html.erb within layouts/application (135.2ms)
Completed 200 OK in 170ms (Views: 168.9ms | ActiveRecord: 0.0ms)


Started GET "/assets/microposts.self.css?body=1" for 127.0.0.1 at 2015-09-28 20:39:21 +0100


Started GET "/assets/scaffolds.self.css?body=1" for 127.0.0.1 at 2015-09-28 20:39:21 +0100


Started GET "/assets/users.self.css?body=1" for 127.0.0.1 at 2015-09-28 20:39:21 +0100


Started GET "/assets/application.self.css?body=1" for 127.0.0.1 at 2015-09-28 20:39:21 +0100


Started GET "/assets/turbolinks.self.js?body=1" for 127.0.0.1 at 2015-09-28 20:39:21 +0100


Started GET "/assets/jquery.self.js?body=1" for 127.0.0.1 at 2015-09-28 20:39:21 +0100


Started GET "/assets/jquery_ujs.self.js?body=1" for 127.0.0.1 at 2015-09-28 20:39:21 +0100


Started GET "/assets/users.self.js?body=1" for 127.0.0.1 at 2015-09-28 20:39:21 +0100


Started GET "/assets/microposts.self.js?body=1" for 127.0.0.1 at 2015-09-28 20:39:21 +0100


Started GET "/assets/application.self.js?body=1" for 127.0.0.1 at 2015-09-28 20:39:21 +0100


Started POST "/users" for 127.0.0.1 at 2015-09-28 20:39:29 +0100
Processing by UsersController#create as HTML
  Parameters: {"utf8"=>"✓", "authenticity_token"=>"kEze9ITf5AoH6HJBbEpKv9/yYAR4kC8/Wj5IL4TEzLKiF4l48f/8Du535Yt6uhOWLwAo1uRDpAiYUCbr3P5bwg==", "user"=>{"name"=>"tuan", "email"=>""}, "commit"=>"Create User"}
  [1m[35m (0.1ms)[0m  begin transaction
  [1m[36mSQL (0.3ms)[0m  [1mINSERT INTO "users" ("name", "email", "created_at", "updated_at") VALUES (?, ?, ?, ?)[0m  [["name", "tuan"], ["email", ""], ["created_at", "2015-09-28 19:39:30.096797"], ["updated_at", "2015-09-28 19:39:30.096797"]]
  [1m[35m (537.4ms)[0m  commit transaction
Redirected to http://localhost:3000/users/2
Completed 302 Found in 543ms (ActiveRecord: 537.7ms)


Started GET "/users/2" for 127.0.0.1 at 2015-09-28 20:39:30 +0100
Processing by UsersController#show as HTML
  Parameters: {"id"=>"2"}
  [1m[36mUser Load (0.1ms)[0m  [1mSELECT  "users".* FROM "users" WHERE "users"."id" = ? LIMIT 1[0m  [["id", 2]]
  [1m[35mMicropost Load (0.2ms)[0m  SELECT "microposts".* FROM "microposts" WHERE "microposts"."user_id" = ?  [["user_id", 2]]
  Rendered users/show.html.erb within layouts/application (75.2ms)
Completed 200 OK in 171ms (Views: 168.4ms | ActiveRecord: 0.4ms)


Started GET "/assets/microposts.self.css?body=1" for 127.0.0.1 at 2015-09-28 20:39:30 +0100


Started GET "/assets/scaffolds.self.css?body=1" for 127.0.0.1 at 2015-09-28 20:39:31 +0100


Started GET "/assets/users.self.css?body=1" for 127.0.0.1 at 2015-09-28 20:39:31 +0100


Started GET "/assets/jquery_ujs.self.js?body=1" for 127.0.0.1 at 2015-09-28 20:39:31 +0100


Started GET "/assets/application.self.css?body=1" for 127.0.0.1 at 2015-09-28 20:39:31 +0100


Started GET "/assets/jquery.self.js?body=1" for 127.0.0.1 at 2015-09-28 20:39:31 +0100


Started GET "/assets/turbolinks.self.js?body=1" for 127.0.0.1 at 2015-09-28 20:39:31 +0100


Started GET "/assets/microposts.self.js?body=1" for 127.0.0.1 at 2015-09-28 20:39:31 +0100


Started GET "/assets/users.self.js?body=1" for 127.0.0.1 at 2015-09-28 20:39:31 +0100


Started GET "/assets/application.self.js?body=1" for 127.0.0.1 at 2015-09-28 20:39:31 +0100


Started GET "/users/2/edit" for 127.0.0.1 at 2015-09-28 20:39:36 +0100
Processing by UsersController#edit as HTML
  Parameters: {"id"=>"2"}
  [1m[36mUser Load (0.1ms)[0m  [1mSELECT  "users".* FROM "users" WHERE "users"."id" = ? LIMIT 1[0m  [["id", 2]]
  Rendered users/_form.html.erb (4.0ms)
  Rendered users/edit.html.erb within layouts/application (7.7ms)
Completed 200 OK in 55ms (Views: 53.8ms | ActiveRecord: 0.1ms)


Started PATCH "/users/2" for 127.0.0.1 at 2015-09-28 20:39:50 +0100
Processing by UsersController#update as HTML
  Parameters: {"utf8"=>"✓", "authenticity_token"=>"g2W1Ro2zoLYRIKnyxqkL9vhF0vPaUvtXD+NCZ8VS25KxPuLK+JO4svi/PjjQWVLfCLeaIUaBcGDNjSyjnWhM4g==", "user"=>{"name"=>"tuan", "email"=>"maiquoctuan1994@gmail.com"}, "commit"=>"Update User", "id"=>"2"}
  [1m[35mUser Load (0.2ms)[0m  SELECT  "users".* FROM "users" WHERE "users"."id" = ? LIMIT 1  [["id", 2]]
  [1m[36m (0.1ms)[0m  [1mbegin transaction[0m
  [1m[35mSQL (0.2ms)[0m  UPDATE "users" SET "email" = ?, "updated_at" = ? WHERE "users"."id" = ?  [["email", "maiquoctuan1994@gmail.com"], ["updated_at", "2015-09-28 19:39:50.353633"], ["id", 2]]
  [1m[36m (387.3ms)[0m  [1mcommit transaction[0m
Redirected to http://localhost:3000/users/2
Completed 302 Found in 419ms (ActiveRecord: 387.8ms)


Started GET "/users/2" for 127.0.0.1 at 2015-09-28 20:39:50 +0100
Processing by UsersController#show as HTML
  Parameters: {"id"=>"2"}
  [1m[35mUser Load (0.1ms)[0m  SELECT  "users".* FROM "users" WHERE "users"."id" = ? LIMIT 1  [["id", 2]]
  [1m[36mMicropost Load (0.1ms)[0m  [1mSELECT "microposts".* FROM "microposts" WHERE "microposts"."user_id" = ?[0m  [["user_id", 2]]
  Rendered users/show.html.erb within layouts/application (1.1ms)
Completed 200 OK in 33ms (Views: 30.8ms | ActiveRecord: 0.2ms)


Started GET "/assets/microposts.self.css?body=1" for 127.0.0.1 at 2015-09-28 20:39:50 +0100


Started GET "/assets/jquery_ujs.self.js?body=1" for 127.0.0.1 at 2015-09-28 20:39:50 +0100


Started GET "/assets/application.self.css?body=1" for 127.0.0.1 at 2015-09-28 20:39:50 +0100


Started GET "/assets/users.self.css?body=1" for 127.0.0.1 at 2015-09-28 20:39:50 +0100


Started GET "/assets/scaffolds.self.css?body=1" for 127.0.0.1 at 2015-09-28 20:39:50 +0100


Started GET "/assets/jquery.self.js?body=1" for 127.0.0.1 at 2015-09-28 20:39:50 +0100


Started GET "/assets/turbolinks.self.js?body=1" for 127.0.0.1 at 2015-09-28 20:39:50 +0100


Started GET "/assets/microposts.self.js?body=1" for 127.0.0.1 at 2015-09-28 20:39:50 +0100


Started GET "/assets/users.self.js?body=1" for 127.0.0.1 at 2015-09-28 20:39:50 +0100


Started GET "/assets/application.self.js?body=1" for 127.0.0.1 at 2015-09-28 20:39:50 +0100


Started GET "/users" for 127.0.0.1 at 2015-09-28 20:47:41 +0100
  [1m[36mActiveRecord::SchemaMigration Load (0.1ms)[0m  [1mSELECT "schema_migrations".* FROM "schema_migrations"[0m
Processing by UsersController#index as HTML
  [1m[35mUser Load (0.2ms)[0m  SELECT "users".* FROM "users"
  Rendered users/index.html.erb within layouts/application (6.9ms)
Completed 200 OK in 274ms (Views: 253.5ms | ActiveRecord: 0.4ms)


Started GET "/assets/microposts.self.css?body=1" for 127.0.0.1 at 2015-09-28 20:47:42 +0100


Started GET "/assets/scaffolds.self.css?body=1" for 127.0.0.1 at 2015-09-28 20:47:42 +0100


Started GET "/assets/application.self.css?body=1" for 127.0.0.1 at 2015-09-28 20:47:42 +0100


Started GET "/assets/turbolinks.self.js?body=1" for 127.0.0.1 at 2015-09-28 20:47:42 +0100


Started GET "/assets/users.self.css?body=1" for 127.0.0.1 at 2015-09-28 20:47:42 +0100


Started GET "/assets/jquery_ujs.self.js?body=1" for 127.0.0.1 at 2015-09-28 20:47:42 +0100


Started GET "/assets/jquery.self.js?body=1" for 127.0.0.1 at 2015-09-28 20:47:42 +0100


Started GET "/assets/microposts.self.js?body=1" for 127.0.0.1 at 2015-09-28 20:47:42 +0100


Started GET "/assets/users.self.js?body=1" for 127.0.0.1 at 2015-09-28 20:47:42 +0100


Started GET "/assets/application.self.js?body=1" for 127.0.0.1 at 2015-09-28 20:47:42 +0100


Started GET "/users/1" for 127.0.0.1 at 2015-09-28 20:47:53 +0100
Processing by UsersController#show as HTML
  Parameters: {"id"=>"1"}
  [1m[36mUser Load (0.4ms)[0m  [1mSELECT  "users".* FROM "users" WHERE "users"."id" = ? LIMIT 1[0m  [["id", 1]]
Completed 404 Not Found in 11ms (ActiveRecord: 0.4ms)

ActiveRecord::RecordNotFound (Couldn't find User with 'id'=1):
  app/controllers/users_controller.rb:67:in `set_user'


  Rendered /home/tuan/.rbenv/versions/2.0.0-p451/lib/ruby/gems/2.0.0/gems/actionpack-4.2.4/lib/action_dispatch/middleware/templates/rescues/_source.erb (4.6ms)
  Rendered /home/tuan/.rbenv/versions/2.0.0-p451/lib/ruby/gems/2.0.0/gems/actionpack-4.2.4/lib/action_dispatch/middleware/templates/rescues/_trace.html.erb (1.9ms)
  Rendered /home/tuan/.rbenv/versions/2.0.0-p451/lib/ruby/gems/2.0.0/gems/actionpack-4.2.4/lib/action_dispatch/middleware/templates/rescues/_request_and_response.html.erb (1.0ms)
  Rendered /home/tuan/.rbenv/versions/2.0.0-p451/lib/ruby/gems/2.0.0/gems/actionpack-4.2.4/lib/action_dispatch/middleware/templates/rescues/diagnostics.html.erb within rescues/layout (77.2ms)
  Rendered /home/tuan/.rbenv/versions/2.0.0-p451/lib/ruby/gems/2.0.0/gems/web-console-2.2.1/lib/web_console/templates/_markup.html.erb (0.6ms)
  Rendered /home/tuan/.rbenv/versions/2.0.0-p451/lib/ruby/gems/2.0.0/gems/web-console-2.2.1/lib/web_console/templates/_inner_console_markup.html.erb within layouts/inlined_string (1.6ms)
  Rendered /home/tuan/.rbenv/versions/2.0.0-p451/lib/ruby/gems/2.0.0/gems/web-console-2.2.1/lib/web_console/templates/_prompt_box_markup.html.erb within layouts/inlined_string (0.3ms)
  Rendered /home/tuan/.rbenv/versions/2.0.0-p451/lib/ruby/gems/2.0.0/gems/web-console-2.2.1/lib/web_console/templates/style.css.erb within layouts/inlined_string (0.3ms)
  Rendered /home/tuan/.rbenv/versions/2.0.0-p451/lib/ruby/gems/2.0.0/gems/web-console-2.2.1/lib/web_console/templates/console.js.erb within layouts/javascript (33.6ms)
  Rendered /home/tuan/.rbenv/versions/2.0.0-p451/lib/ruby/gems/2.0.0/gems/web-console-2.2.1/lib/web_console/templates/main.js.erb within layouts/javascript (0.4ms)
  Rendered /home/tuan/.rbenv/versions/2.0.0-p451/lib/ruby/gems/2.0.0/gems/web-console-2.2.1/lib/web_console/templates/error_page.js.erb within layouts/javascript (0.5ms)
  Rendered /home/tuan/.rbenv/versions/2.0.0-p451/lib/ruby/gems/2.0.0/gems/web-console-2.2.1/lib/web_console/templates/index.html.erb (56.6ms)


Started GET "/users/new" for 127.0.0.1 at 2015-09-28 20:48:06 +0100
Processing by UsersController#new as HTML
  Rendered users/_form.html.erb (14.9ms)
  Rendered users/new.html.erb within layouts/application (16.5ms)
Completed 200 OK in 47ms (Views: 45.5ms | ActiveRecord: 0.0ms)


Started GET "/assets/microposts.self.css?body=1" for 127.0.0.1 at 2015-09-28 20:48:06 +0100


Started GET "/assets/users.self.css?body=1" for 127.0.0.1 at 2015-09-28 20:48:06 +0100


Started GET "/assets/turbolinks.self.js?body=1" for 127.0.0.1 at 2015-09-28 20:48:06 +0100


Started GET "/assets/application.self.css?body=1" for 127.0.0.1 at 2015-09-28 20:48:06 +0100


Started GET "/assets/jquery_ujs.self.js?body=1" for 127.0.0.1 at 2015-09-28 20:48:06 +0100


Started GET "/assets/jquery.self.js?body=1" for 127.0.0.1 at 2015-09-28 20:48:06 +0100


Started GET "/assets/scaffolds.self.css?body=1" for 127.0.0.1 at 2015-09-28 20:48:06 +0100


Started GET "/assets/microposts.self.js?body=1" for 127.0.0.1 at 2015-09-28 20:48:06 +0100


Started GET "/assets/users.self.js?body=1" for 127.0.0.1 at 2015-09-28 20:48:06 +0100


Started GET "/assets/application.self.js?body=1" for 127.0.0.1 at 2015-09-28 20:48:06 +0100


Started GET "/users/1" for 127.0.0.1 at 2015-09-28 20:48:21 +0100
Processing by UsersController#show as HTML
  Parameters: {"id"=>"1"}
  [1m[35mUser Load (0.1ms)[0m  SELECT  "users".* FROM "users" WHERE "users"."id" = ? LIMIT 1  [["id", 1]]
Completed 404 Not Found in 1ms (ActiveRecord: 0.1ms)

ActiveRecord::RecordNotFound (Couldn't find User with 'id'=1):
  app/controllers/users_controller.rb:67:in `set_user'


  Rendered /home/tuan/.rbenv/versions/2.0.0-p451/lib/ruby/gems/2.0.0/gems/actionpack-4.2.4/lib/action_dispatch/middleware/templates/rescues/_source.erb (4.2ms)
  Rendered /home/tuan/.rbenv/versions/2.0.0-p451/lib/ruby/gems/2.0.0/gems/actionpack-4.2.4/lib/action_dispatch/middleware/templates/rescues/_trace.html.erb (1.8ms)
  Rendered /home/tuan/.rbenv/versions/2.0.0-p451/lib/ruby/gems/2.0.0/gems/actionpack-4.2.4/lib/action_dispatch/middleware/templates/rescues/_request_and_response.html.erb (0.8ms)
  Rendered /home/tuan/.rbenv/versions/2.0.0-p451/lib/ruby/gems/2.0.0/gems/actionpack-4.2.4/lib/action_dispatch/middleware/templates/rescues/diagnostics.html.erb within rescues/layout (15.8ms)
  Rendered /home/tuan/.rbenv/versions/2.0.0-p451/lib/ruby/gems/2.0.0/gems/web-console-2.2.1/lib/web_console/templates/_markup.html.erb (0.4ms)
  Rendered /home/tuan/.rbenv/versions/2.0.0-p451/lib/ruby/gems/2.0.0/gems/web-console-2.2.1/lib/web_console/templates/_inner_console_markup.html.erb within layouts/inlined_string (0.2ms)
  Rendered /home/tuan/.rbenv/versions/2.0.0-p451/lib/ruby/gems/2.0.0/gems/web-console-2.2.1/lib/web_console/templates/_prompt_box_markup.html.erb within layouts/inlined_string (0.2ms)
  Rendered /home/tuan/.rbenv/versions/2.0.0-p451/lib/ruby/gems/2.0.0/gems/web-console-2.2.1/lib/web_console/templates/style.css.erb within layouts/inlined_string (0.4ms)
  Rendered /home/tuan/.rbenv/versions/2.0.0-p451/lib/ruby/gems/2.0.0/gems/web-console-2.2.1/lib/web_console/templates/console.js.erb within layouts/javascript (11.7ms)
  Rendered /home/tuan/.rbenv/versions/2.0.0-p451/lib/ruby/gems/2.0.0/gems/web-console-2.2.1/lib/web_console/templates/main.js.erb within layouts/javascript (0.3ms)
  Rendered /home/tuan/.rbenv/versions/2.0.0-p451/lib/ruby/gems/2.0.0/gems/web-console-2.2.1/lib/web_console/templates/error_page.js.erb within layouts/javascript (0.4ms)
  Rendered /home/tuan/.rbenv/versions/2.0.0-p451/lib/ruby/gems/2.0.0/gems/web-console-2.2.1/lib/web_console/templates/index.html.erb (25.6ms)
